root - INFO - add user: {'_id': None, 'user_tg_id': 381873540, 'chat_id': 381873540, 'username': 'Crocodile_T'}
root - INFO - add user: {'_id': None, 'user_tg_id': 365214219, 'chat_id': 365214219, 'username': 'jizuskrist'}
TeleBot - ERROR - user with 1691360149 don't have state!!
root - INFO - add user: {'_id': None, 'user_tg_id': 1691360149, 'chat_id': 1691360149, 'username': None}
TeleBot - ERROR - Unknown error: TimeoutError
TeleBot - ERROR - Request timeout. Request: method=get url=getUpdates params=<aiohttp.formdata.FormData object at 0x10bc03f70> files=None request_timeout=300
root - INFO - add user: {'_id': None, 'user_tg_id': 448566944, 'chat_id': 448566944, 'username': 'vimka_live'}
root - INFO - add user: {'_id': None, 'user_tg_id': 138769502, 'chat_id': 138769502, 'username': 'durahan'}
root - INFO - add user: {'_id': None, 'user_tg_id': 448566944, 'chat_id': 448566944, 'username': 'vimka_live'}
TeleBot - ERROR - Unknown error: TimeoutError
TeleBot - ERROR - Request timeout. Request: method=get url=getUpdates params=<aiohttp.formdata.FormData object at 0x10bc347f0> files=None request_timeout=300
TeleBot - ERROR - Unknown error: TimeoutError
TeleBot - ERROR - Request timeout. Request: method=get url=getUpdates params=<aiohttp.formdata.FormData object at 0x10bc3a1f0> files=None request_timeout=300
TeleBot - ERROR - Unknown error: TimeoutError
TeleBot - ERROR - Request timeout. Request: method=get url=getUpdates params=<aiohttp.formdata.FormData object at 0x10bc34220> files=None request_timeout=300
TeleBot - ERROR - Unknown error: TimeoutError
TeleBot - ERROR - Request timeout. Request: method=get url=getUpdates params=<aiohttp.formdata.FormData object at 0x10bc3a1f0> files=None request_timeout=300
TeleBot - ERROR - Aiohttp ClientError: ServerDisconnectedError
TeleBot - ERROR - Request timeout. Request: method=get url=getUpdates params=<aiohttp.formdata.FormData object at 0x10bbf0460> files=None request_timeout=300
TeleBot - ERROR - Unknown error: TimeoutError
TeleBot - ERROR - Request timeout. Request: method=get url=getUpdates params=<aiohttp.formdata.FormData object at 0x10bc34100> files=None request_timeout=300
TeleBot - ERROR - Unhandled exception (full traceback for debug level): A request to the Telegram API was unsuccessful. Error code: 502. Description: Bad Gateway
TeleBot - ERROR - Unhandled exception (full traceback for debug level): A request to the Telegram API was unsuccessful. Error code: 502. Description: Bad Gateway
TeleBot - ERROR - Unhandled exception (full traceback for debug level): A request to the Telegram API was unsuccessful. Error code: 502. Description: Bad Gateway
TeleBot - ERROR - Unhandled exception (full traceback for debug level): A request to the Telegram API was unsuccessful. Error code: 502. Description: Bad Gateway
TeleBot - ERROR - Unhandled exception (full traceback for debug level): A request to the Telegram API was unsuccessful. Error code: 502. Description: Bad Gateway
TeleBot - ERROR - Unhandled exception (full traceback for debug level): A request to the Telegram API was unsuccessful. Error code: 502. Description: Bad Gateway
TeleBot - ERROR - Unhandled exception (full traceback for debug level): A request to the Telegram API was unsuccessful. Error code: 502. Description: Bad Gateway
TeleBot - ERROR - Unhandled exception (full traceback for debug level): A request to the Telegram API was unsuccessful. Error code: 502. Description: Bad Gateway
TeleBot - ERROR - Unhandled exception (full traceback for debug level): A request to the Telegram API was unsuccessful. Error code: 502. Description: Bad Gateway
TeleBot - ERROR - Unhandled exception (full traceback for debug level): A request to the Telegram API was unsuccessful. Error code: 502. Description: Bad Gateway
TeleBot - ERROR - Unhandled exception (full traceback for debug level): A request to the Telegram API was unsuccessful. Error code: 502. Description: Bad Gateway
TeleBot - ERROR - Unhandled exception (full traceback for debug level): A request to the Telegram API was unsuccessful. Error code: 502. Description: Bad Gateway
TeleBot - ERROR - Unhandled exception (full traceback for debug level): A request to the Telegram API was unsuccessful. Error code: 502. Description: Bad Gateway
TeleBot - ERROR - Unhandled exception (full traceback for debug level): A request to the Telegram API was unsuccessful. Error code: 502. Description: Bad Gateway
TeleBot - ERROR - Unhandled exception (full traceback for debug level): A request to the Telegram API was unsuccessful. Error code: 502. Description: Bad Gateway
TeleBot - ERROR - Unhandled exception (full traceback for debug level): A request to the Telegram API was unsuccessful. Error code: 502. Description: Bad Gateway
TeleBot - ERROR - Unhandled exception (full traceback for debug level): A request to the Telegram API was unsuccessful. Error code: 502. Description: Bad Gateway
TeleBot - ERROR - Unhandled exception (full traceback for debug level): A request to the Telegram API was unsuccessful. Error code: 502. Description: Bad Gateway
TeleBot - ERROR - Unhandled exception (full traceback for debug level): A request to the Telegram API was unsuccessful. Error code: 502. Description: Bad Gateway
TeleBot - ERROR - Unhandled exception (full traceback for debug level): A request to the Telegram API was unsuccessful. Error code: 502. Description: Bad Gateway
TeleBot - ERROR - Unhandled exception (full traceback for debug level): A request to the Telegram API was unsuccessful. Error code: 502. Description: Bad Gateway
TeleBot - ERROR - Unhandled exception (full traceback for debug level): A request to the Telegram API was unsuccessful. Error code: 502. Description: Bad Gateway
TeleBot - ERROR - Unhandled exception (full traceback for debug level): A request to the Telegram API was unsuccessful. Error code: 502. Description: Bad Gateway
TeleBot - ERROR - Unhandled exception (full traceback for debug level): A request to the Telegram API was unsuccessful. Error code: 502. Description: Bad Gateway
TeleBot - ERROR - Unhandled exception (full traceback for debug level): A request to the Telegram API was unsuccessful. Error code: 502. Description: Bad Gateway
TeleBot - ERROR - Unhandled exception (full traceback for debug level): A request to the Telegram API was unsuccessful. Error code: 502. Description: Bad Gateway
TeleBot - ERROR - Unhandled exception (full traceback for debug level): A request to the Telegram API was unsuccessful. Error code: 502. Description: Bad Gateway
TeleBot - ERROR - Unhandled exception (full traceback for debug level): A request to the Telegram API was unsuccessful. Error code: 502. Description: Bad Gateway
TeleBot - ERROR - Unhandled exception (full traceback for debug level): A request to the Telegram API was unsuccessful. Error code: 502. Description: Bad Gateway
TeleBot - ERROR - Unknown error: TimeoutError
TeleBot - ERROR - Request timeout. Request: method=get url=getUpdates params=<aiohttp.formdata.FormData object at 0x10bc0fd60> files=None request_timeout=300
